{
  message: '🛢   Database is connected successfully',
  level: 'info',
  label: 'PH',
  timestamp: '2023-06-12T05:55:25.137Z'
}
{
  message: 'Application  listening on port 5000',
  level: 'info',
  label: 'PH',
  timestamp: '2023-06-12T05:55:25.169Z'
}
{
  message: '🛢   Database is connected successfully',
  level: 'info',
  label: 'PH',
  timestamp: '2023-06-12T05:57:38.768Z'
}
{
  message: 'Application  listening on port 5000',
  level: 'info',
  label: 'PH',
  timestamp: '2023-06-12T05:57:38.778Z'
}
{
  message: '🛢   Database is connected successfully',
  level: 'info',
  label: 'PH',
  timestamp: '2023-06-12T05:58:19.658Z'
}
{
  message: 'Application  listening on port 5000',
  level: 'info',
  label: 'PH',
  timestamp: '2023-06-12T05:58:19.678Z'
}
{
  message: '🛢   Database is connected successfully',
  level: 'info',
  label: 'PH',
  timestamp: '2023-06-12T05:58:47.291Z'
}
{
  message: 'Application  listening on port 5000',
  level: 'info',
  label: 'PH',
  timestamp: '2023-06-12T05:58:47.310Z'
}
