{
  message: '🛢   Database is connected successfully',
  level: 'info',
  label: 'PH',
  timestamp: '2023-06-06T09:02:10.016Z'
}
{
  message: 'Application  listening on port 5000',
  level: 'info',
  label: 'PH',
  timestamp: '2023-06-06T09:02:10.024Z'
}
{
  message: '🛢   Database is connected successfully',
  level: 'info',
  label: 'PH',
  timestamp: '2023-06-06T09:02:59.508Z'
}
{
  message: 'Application  listening on port 5000',
  level: 'info',
  label: 'PH',
  timestamp: '2023-06-06T09:02:59.514Z'
}
{
  message: '🛢   Database is connected successfully',
  level: 'info',
  label: 'PH',
  timestamp: '2023-06-06T09:03:32.531Z'
}
{
  message: 'Application  listening on port 5000',
  level: 'info',
  label: 'PH',
  timestamp: '2023-06-06T09:03:32.540Z'
}
{
  message: '🛢   Database is connected successfully',
  level: 'info',
  label: 'PH',
  timestamp: '2023-06-06T09:04:16.065Z'
}
{
  message: 'Application  listening on port 5000',
  level: 'info',
  label: 'PH',
  timestamp: '2023-06-06T09:04:16.082Z'
}
